2024-06-12 17:47:55.916 +07 [14068] СООБЩЕНИЕ:  начата контрольная точка: time
2024-06-12 17:48:03.305 +07 [14068] СООБЩЕНИЕ:  контрольная точка завершена: записано буферов: 49 (0.3%); добавлено файлов WAL 0, удалено: 0, переработано: 0; запись=5.472 сек., синхр.=1.857 сек., всего=7.389 сек.; синхронизировано_файлов=43, самая_долгая_синхр.=0.869 сек., средняя=0.044 сек.; расстояние=167 kB, ожидалось=3757 kB; lsn=0/35C0DD8, lsn redo=0/35B5290
2024-06-12 17:52:55.310 +07 [14068] СООБЩЕНИЕ:  начата контрольная точка: time
2024-06-12 17:52:57.959 +07 [14068] СООБЩЕНИЕ:  контрольная точка завершена: записано буферов: 21 (0.1%); добавлено файлов WAL 0, удалено: 0, переработано: 0; запись=2.237 сек., синхр.=0.335 сек., всего=2.649 сек.; синхронизировано_файлов=16, самая_долгая_синхр.=0.035 сек., средняя=0.021 сек.; расстояние=52 kB, ожидалось=3386 kB; lsn=0/35C2500, lsn redo=0/35C24C8
2024-06-12 19:37:56.131 +07 [14068] СООБЩЕНИЕ:  начата контрольная точка: time
2024-06-12 19:38:08.379 +07 [14068] СООБЩЕНИЕ:  контрольная точка завершена: записано буферов: 96 (0.6%); добавлено файлов WAL 0, удалено: 0, переработано: 0; запись=10.740 сек., синхр.=1.445 сек., всего=12.248 сек.; синхронизировано_файлов=80, самая_долгая_синхр.=0.060 сек., средняя=0.019 сек.; расстояние=461 kB, ожидалось=3094 kB; lsn=0/36359F8, lsn redo=0/36359C0
2024-06-12 19:42:56.391 +07 [14068] СООБЩЕНИЕ:  начата контрольная точка: time
2024-06-12 19:43:01.841 +07 [14068] СООБЩЕНИЕ:  контрольная точка завершена: записано буферов: 45 (0.3%); добавлено файлов WAL 0, удалено: 0, переработано: 0; запись=4.916 сек., синхр.=0.471 сек., всего=5.451 сек.; синхронизировано_файлов=38, самая_долгая_синхр.=0.034 сек., средняя=0.013 сек.; расстояние=219 kB, ожидалось=2806 kB; lsn=0/366C6D8, lsn redo=0/366C6A0
2024-06-12 20:02:56.887 +07 [14068] СООБЩЕНИЕ:  начата контрольная точка: time
2024-06-12 20:03:00.312 +07 [14068] СООБЩЕНИЕ:  контрольная точка завершена: записано буферов: 27 (0.2%); добавлено файлов WAL 0, удалено: 0, переработано: 0; запись=2.905 сек., синхр.=0.458 сек., всего=3.425 сек.; синхронизировано_файлов=21, самая_долгая_синхр.=0.034 сек., средняя=0.022 сек.; расстояние=3 kB, ожидалось=2526 kB; lsn=0/366D598, lsn redo=0/366D560
2024-06-12 20:07:56.317 +07 [14068] СООБЩЕНИЕ:  начата контрольная точка: time
2024-06-12 20:07:57.085 +07 [14068] СООБЩЕНИЕ:  контрольная точка завершена: записано буферов: 6 (0.0%); добавлено файлов WAL 0, удалено: 0, переработано: 0; запись=0.562 сек., синхр.=0.135 сек., всего=0.768 сек.; синхронизировано_файлов=6, самая_долгая_синхр.=0.026 сек., средняя=0.023 сек.; расстояние=1 kB, ожидалось=2273 kB; lsn=0/366DB30, lsn redo=0/366DAF8
2024-06-12 20:12:56.093 +07 [14068] СООБЩЕНИЕ:  начата контрольная точка: time
2024-06-12 20:12:58.850 +07 [14068] СООБЩЕНИЕ:  контрольная точка завершена: записано буферов: 19 (0.1%); добавлено файлов WAL 0, удалено: 0, переработано: 0; запись=2.015 сек., синхр.=0.223 сек., всего=2.758 сек.; синхронизировано_файлов=14, самая_долгая_синхр.=0.024 сек., средняя=0.016 сек.; расстояние=2 kB, ожидалось=2046 kB; lsn=0/366E700, lsn redo=0/366E6C8
2024-06-12 20:17:56.862 +07 [14068] СООБЩЕНИЕ:  начата контрольная точка: time
2024-06-12 20:17:58.549 +07 [14068] СООБЩЕНИЕ:  контрольная точка завершена: записано буферов: 13 (0.1%); добавлено файлов WAL 0, удалено: 0, переработано: 0; запись=1.342 сек., синхр.=0.263 сек., всего=1.688 сек.; синхронизировано_файлов=13, самая_долгая_синхр.=0.033 сек., средняя=0.021 сек.; расстояние=4 kB, ожидалось=1842 kB; lsn=0/366F970, lsn redo=0/366F938
2024-06-12 20:22:56.562 +07 [14068] СООБЩЕНИЕ:  начата контрольная точка: time
2024-06-12 20:22:58.074 +07 [14068] СООБЩЕНИЕ:  контрольная точка завершена: записано буферов: 12 (0.1%); добавлено файлов WAL 0, удалено: 0, переработано: 0; запись=1.232 сек., синхр.=0.207 сек., всего=1.512 сек.; синхронизировано_файлов=9, самая_долгая_синхр.=0.027 сек., средняя=0.023 сек.; расстояние=4 kB, ожидалось=1658 kB; lsn=0/3670BA0, lsn redo=0/3670B68
2024-06-12 20:26:24.991 +07 [752] РЎРћРћР‘Р©Р•РќРР•:  РЅРµ СѓРґР°Р»РѕСЃСЊ РїРѕР»СѓС‡РёС‚СЊ РґР°РЅРЅС‹Рµ РѕС‚ РєР»РёРµРЅС‚Р°: An existing connection was forcibly closed by the remote host.
	
2024-06-12 20:27:56.082 +07 [14068] СООБЩЕНИЕ:  начата контрольная точка: time
2024-06-12 20:27:56.316 +07 [14068] СООБЩЕНИЕ:  контрольная точка завершена: записано буферов: 2 (0.0%); добавлено файлов WAL 0, удалено: 0, переработано: 0; запись=0.116 сек., синхр.=0.056 сек., всего=0.234 сек.; синхронизировано_файлов=2, самая_долгая_синхр.=0.039 сек., средняя=0.028 сек.; расстояние=1 kB, ожидалось=1492 kB; lsn=0/3671038, lsn redo=0/3671000
2024-06-12 20:29:19.144 +07 [16852] РЎРћРћР‘Р©Р•РќРР•:  РЅРµ СѓРґР°Р»РѕСЃСЊ РїРѕР»СѓС‡РёС‚СЊ РґР°РЅРЅС‹Рµ РѕС‚ РєР»РёРµРЅС‚Р°: An existing connection was forcibly closed by the remote host.
	
2024-06-12 20:57:56.354 +07 [14068] СООБЩЕНИЕ:  начата контрольная точка: time
2024-06-12 20:57:56.905 +07 [14068] СООБЩЕНИЕ:  контрольная точка завершена: записано буферов: 2 (0.0%); добавлено файлов WAL 0, удалено: 0, переработано: 0; запись=0.110 сек., синхр.=0.096 сек., всего=0.552 сек.; синхронизировано_файлов=2, самая_долгая_синхр.=0.062 сек., средняя=0.048 сек.; расстояние=0 kB, ожидалось=1343 kB; lsn=0/3671260, lsn redo=0/3671228
2024-06-12 22:14:09.177 +07 [4528] ВАЖНО:  пользователь "postgres" не прошёл проверку подлинности (по паролю)
2024-06-12 22:14:09.177 +07 [4528] ПОДРОБНОСТИ:  Подключение соответствует строке 122 в "E:/PostgresSQL/pg_hba.conf": "host    all             all             ::1/128                 scram-sha-256"
2024-06-12 22:14:09.221 +07 [15684] ВАЖНО:  пользователь "postgres" не прошёл проверку подлинности (по паролю)
2024-06-12 22:14:09.221 +07 [15684] ПОДРОБНОСТИ:  Подключение соответствует строке 122 в "E:/PostgresSQL/pg_hba.conf": "host    all             all             ::1/128                 scram-sha-256"
2024-06-12 22:17:57.047 +07 [14068] СООБЩЕНИЕ:  начата контрольная точка: time
2024-06-12 22:18:04.429 +07 [14068] СООБЩЕНИЕ:  контрольная точка завершена: записано буферов: 57 (0.3%); добавлено файлов WAL 0, удалено: 0, переработано: 0; запись=6.268 сек., синхр.=0.759 сек., всего=7.383 сек.; синхронизировано_файлов=45, самая_долгая_синхр.=0.034 сек., средняя=0.017 сек.; расстояние=311 kB, ожидалось=1240 kB; lsn=0/36BEF70, lsn redo=0/36BEF38
